Determining if the pthread_create exist failed with the following output:
Change Dir: /opt/ros/hydro/share/ardrone_followme/build/CMakeFiles/CMakeTmp

Run Build Command:/usr/bin/make "cmTryCompileExec176991637/fast"
/usr/bin/make -f CMakeFiles/cmTryCompileExec176991637.dir/build.make CMakeFiles/cmTryCompileExec176991637.dir/build
make[1]: Betrete Verzeichnis '/opt/ros/hydro/share/ardrone_followme/build/CMakeFiles/CMakeTmp'
/usr/bin/cmake -E cmake_progress_report /opt/ros/hydro/share/ardrone_followme/build/CMakeFiles/CMakeTmp/CMakeFiles 1
Building C object CMakeFiles/cmTryCompileExec176991637.dir/CheckSymbolExists.c.o
/usr/bin/cc    -o CMakeFiles/cmTryCompileExec176991637.dir/CheckSymbolExists.c.o   -c /opt/ros/hydro/share/ardrone_followme/build/CMakeFiles/CMakeTmp/CheckSymbolExists.c
Linking C executable cmTryCompileExec176991637
/usr/bin/cmake -E cmake_link_script CMakeFiles/cmTryCompileExec176991637.dir/link.txt --verbose=1
/usr/bin/cc         CMakeFiles/cmTryCompileExec176991637.dir/CheckSymbolExists.c.o  -o cmTryCompileExec176991637 -rdynamic 
CMakeFiles/cmTryCompileExec176991637.dir/CheckSymbolExists.c.o: In function `main':
CheckSymbolExists.c:(.text+0xa): undefined reference to `pthread_create'
collect2: ld returned 1 exit status
make[1]: Verlasse Verzeichnis '/opt/ros/hydro/share/ardrone_followme/build/CMakeFiles/CMakeTmp'
make[1]: *** [cmTryCompileExec176991637] Fehler 1
make: *** [cmTryCompileExec176991637/fast] Fehler 2

File /opt/ros/hydro/share/ardrone_followme/build/CMakeFiles/CMakeTmp/CheckSymbolExists.c:
/* */
#include <pthread.h>

int main(int argc, char** argv)
{
  (void)argv;
#ifndef pthread_create
  return ((int*)(&pthread_create))[argc];
#else
  (void)argc;
  return 0;
#endif
}

Determining if the function pthread_create exists in the pthreads failed with the following output:
Change Dir: /opt/ros/hydro/share/ardrone_followme/build/CMakeFiles/CMakeTmp

Run Build Command:/usr/bin/make "cmTryCompileExec2366260532/fast"
/usr/bin/make -f CMakeFiles/cmTryCompileExec2366260532.dir/build.make CMakeFiles/cmTryCompileExec2366260532.dir/build
make[1]: Betrete Verzeichnis '/opt/ros/hydro/share/ardrone_followme/build/CMakeFiles/CMakeTmp'
/usr/bin/cmake -E cmake_progress_report /opt/ros/hydro/share/ardrone_followme/build/CMakeFiles/CMakeTmp/CMakeFiles 1
Building C object CMakeFiles/cmTryCompileExec2366260532.dir/CheckFunctionExists.c.o
/usr/bin/cc   -DCHECK_FUNCTION_EXISTS=pthread_create   -o CMakeFiles/cmTryCompileExec2366260532.dir/CheckFunctionExists.c.o   -c /usr/share/cmake-2.8/Modules/CheckFunctionExists.c
Linking C executable cmTryCompileExec2366260532
/usr/bin/cmake -E cmake_link_script CMakeFiles/cmTryCompileExec2366260532.dir/link.txt --verbose=1
/usr/bin/cc     -DCHECK_FUNCTION_EXISTS=pthread_create    CMakeFiles/cmTryCompileExec2366260532.dir/CheckFunctionExists.c.o  -o cmTryCompileExec2366260532 -rdynamic -lpthreads 
/usr/bin/ld: cannot find -lpthreads
collect2: ld returned 1 exit status
make[1]: Verlasse Verzeichnis '/opt/ros/hydro/share/ardrone_followme/build/CMakeFiles/CMakeTmp'
make[1]: *** [cmTryCompileExec2366260532] Fehler 1
make: *** [cmTryCompileExec2366260532/fast] Fehler 2


